Release 14.7 - xst P.20131013 (nt64)
Copyright (c) 1995-2013 Xilinx, Inc.  All rights reserved.
--> Parameter TMPDIR set to xst/projnav.tmp


Total REAL time to Xst completion: 0.00 secs
Total CPU time to Xst completion: 0.14 secs
 
--> Parameter xsthdpdir set to xst


Total REAL time to Xst completion: 0.00 secs
Total CPU time to Xst completion: 0.14 secs
 
--> Reading design: sram2.prj

TABLE OF CONTENTS
  1) Synthesis Options Summary
  2) HDL Parsing
  3) HDL Elaboration
  4) HDL Synthesis
       4.1) HDL Synthesis Report
  5) Advanced HDL Synthesis
       5.1) Advanced HDL Synthesis Report
  6) Low Level Synthesis
  7) Partition Report
  8) Design Summary
       8.1) Primitive and Black Box Usage
       8.2) Device utilization summary
       8.3) Partition Resource Summary
       8.4) Timing Report
            8.4.1) Clock Information
            8.4.2) Asynchronous Control Signals Information
            8.4.3) Timing Summary
            8.4.4) Timing Details
            8.4.5) Cross Clock Domains Report


=========================================================================
*                      Synthesis Options Summary                        *
=========================================================================
---- Source Parameters
Input File Name                    : "sram2.prj"
Ignore Synthesis Constraint File   : NO

---- Target Parameters
Output File Name                   : "sram2"
Output Format                      : NGC
Target Device                      : xc6slx16-3-csg324

---- Source Options
Top Module Name                    : sram2
Automatic FSM Extraction           : YES
FSM Encoding Algorithm             : Auto
Safe Implementation                : No
FSM Style                          : LUT
RAM Extraction                     : Yes
RAM Style                          : Auto
ROM Extraction                     : Yes
Shift Register Extraction          : YES
ROM Style                          : Auto
Resource Sharing                   : YES
Asynchronous To Synchronous        : NO
Shift Register Minimum Size        : 2
Use DSP Block                      : Auto
Automatic Register Balancing       : No

---- Target Options
LUT Combining                      : Auto
Reduce Control Sets                : Auto
Add IO Buffers                     : YES
Global Maximum Fanout              : 100000
Add Generic Clock Buffer(BUFG)     : 16
Register Duplication               : YES
Optimize Instantiated Primitives   : NO
Use Clock Enable                   : Auto
Use Synchronous Set                : Auto
Use Synchronous Reset              : Auto
Pack IO Registers into IOBs        : Auto
Equivalent register Removal        : YES

---- General Options
Optimization Goal                  : Speed
Optimization Effort                : 1
Power Reduction                    : NO
Keep Hierarchy                     : No
Netlist Hierarchy                  : As_Optimized
RTL Output                         : Yes
Global Optimization                : AllClockNets
Read Cores                         : YES
Write Timing Constraints           : NO
Cross Clock Analysis               : NO
Hierarchy Separator                : /
Bus Delimiter                      : <>
Case Specifier                     : Maintain
Slice Utilization Ratio            : 100
BRAM Utilization Ratio             : 100
DSP48 Utilization Ratio            : 100
Auto BRAM Packing                  : NO
Slice Utilization Ratio Delta      : 5

=========================================================================


=========================================================================
*                          HDL Parsing                                  *
=========================================================================
Analyzing Verilog file "C:\Users\student\Desktop\lab2 CN2\lab2\sram2.v" into library work
Parsing module <sram2>.

=========================================================================
*                            HDL Elaboration                            *
=========================================================================

Elaborating module <sram2>.

=========================================================================
*                           HDL Synthesis                               *
=========================================================================

Synthesizing Unit <sram2>.
    Related source file is "C:\Users\student\Desktop\lab2 CN2\lab2\sram2.v".
WARNING:Xst:647 - Input <address<6:3>> is never used. This port will be preserved and left unconnected if it belongs to a top-level block or it belongs to a sub-block and the hierarchy of this sub-block is preserved.
WARNING:Xst:3035 - Index value(s) does not match array range for signal <memory>, simulation mismatch.
    Found 7x8-bit single-port RAM <Mram_memory> for signal <memory>.
    Found 8-bit register for signal <buffer>.
    Found 1-bit tristate buffer for signal <data_out<7>> created at line 45
    Found 1-bit tristate buffer for signal <data_out<6>> created at line 45
    Found 1-bit tristate buffer for signal <data_out<5>> created at line 45
    Found 1-bit tristate buffer for signal <data_out<4>> created at line 45
    Found 1-bit tristate buffer for signal <data_out<3>> created at line 45
    Found 1-bit tristate buffer for signal <data_out<2>> created at line 45
    Found 1-bit tristate buffer for signal <data_out<1>> created at line 45
    Found 1-bit tristate buffer for signal <data_out<0>> created at line 45
    Summary:
	inferred   1 RAM(s).
	inferred   8 D-type flip-flop(s).
	inferred   8 Tristate(s).
Unit <sram2> synthesized.

=========================================================================
HDL Synthesis Report

Macro Statistics
# RAMs                                                 : 1
 7x8-bit single-port RAM                               : 1
# Registers                                            : 1
 8-bit register                                        : 1
# Tristates                                            : 8
 1-bit tristate buffer                                 : 8

=========================================================================

=========================================================================
*                       Advanced HDL Synthesis                          *
=========================================================================


Synthesizing (advanced) Unit <sram2>.
INFO:Xst:3231 - The small RAM <Mram_memory> will be implemented on LUTs in order to maximize performance and save block RAM resources. If you want to force its implementation on block, use option/constraint ram_style.
    -----------------------------------------------------------------------
    | ram_type           | Distributed                         |          |
    -----------------------------------------------------------------------
    | Port A                                                              |
    |     aspect ratio   | 7-word x 8-bit                      |          |
    |     clkA           | connected to signal <clk>           | fall     |
    |     weA            | connected to signal <we_0>          | high     |
    |     addrA          | connected to signal <address>       |          |
    |     diA            | connected to signal <data_in>       |          |
    |     doA            | connected to internal node          |          |
    -----------------------------------------------------------------------
Unit <sram2> synthesized (advanced).

=========================================================================
Advanced HDL Synthesis Report

Macro Statistics
# RAMs                                                 : 1
 7x8-bit single-port distributed RAM                   : 1
# Registers                                            : 8
 Flip-Flops                                            : 8

=========================================================================

=========================================================================
*                         Low Level Synthesis                           *
=========================================================================

Optimizing unit <sram2> ...

Mapping all equations...
Building and optimizing final netlist ...
Found area constraint ratio of 100 (+ 5) on block sram2, actual ratio is 0.

Final Macro Processing ...

=========================================================================
Final Register Report

Macro Statistics
# Registers                                            : 8
 Flip-Flops                                            : 8

=========================================================================

=========================================================================
*                           Partition Report                            *
=========================================================================

Partition Implementation Status
-------------------------------

  No Partitions were found in this design.

-------------------------------

=========================================================================
*                            Design Summary                             *
=========================================================================

Top Level Output File Name         : sram2.ngc

Primitive and Black Box Usage:
------------------------------
# BELS                             : 5
#      GND                         : 1
#      INV                         : 1
#      LUT2                        : 3
# FlipFlops/Latches                : 8
#      FDE_1                       : 8
# RAMS                             : 8
#      RAM16X1S                    : 8
# Clock Buffers                    : 1
#      BUFGP                       : 1
# IO Buffers                       : 22
#      IBUF                        : 14
#      OBUFT                       : 8

Device utilization summary:
---------------------------

Selected Device : 6slx16csg324-3 


Slice Logic Utilization: 
 Number of Slice Registers:               8  out of  18224     0%  
 Number of Slice LUTs:                   12  out of   9112     0%  
    Number used as Logic:                 4  out of   9112     0%  
    Number used as Memory:                8  out of   2176     0%  
       Number used as RAM:                8

Slice Logic Distribution: 
 Number of LUT Flip Flop pairs used:     12
   Number with an unused Flip Flop:       4  out of     12    33%  
   Number with an unused LUT:             0  out of     12     0%  
   Number of fully used LUT-FF pairs:     8  out of     12    66%  
   Number of unique control sets:         1

IO Utilization: 
 Number of IOs:                          27
 Number of bonded IOBs:                  23  out of    232     9%  

Specific Feature Utilization:
 Number of BUFG/BUFGCTRLs:                1  out of     16     6%  

---------------------------
Partition Resource Summary:
---------------------------

  No Partitions were found in this design.

---------------------------


=========================================================================
Timing Report

NOTE: THESE TIMING NUMBERS ARE ONLY A SYNTHESIS ESTIMATE.
      FOR ACCURATE TIMING INFORMATION PLEASE REFER TO THE TRACE REPORT
      GENERATED AFTER PLACE-and-ROUTE.

Clock Information:
------------------
-----------------------------------+------------------------+-------+
Clock Signal                       | Clock buffer(FF name)  | Load  |
-----------------------------------+------------------------+-------+
clk                                | BUFGP                  | 16    |
-----------------------------------+------------------------+-------+

Asynchronous Control Signals Information:
----------------------------------------
No asynchronous control signals found in this design

Timing Summary:
---------------
Speed Grade: -3

   Minimum period: 1.671ns (Maximum Frequency: 598.498MHz)
   Minimum input arrival time before clock: 3.270ns
   Maximum output required time after clock: 3.597ns
   Maximum combinational path delay: 5.553ns

Timing Details:
---------------
All values displayed in nanoseconds (ns)

=========================================================================
Timing constraint: Default period analysis for Clock 'clk'
  Clock period: 1.671ns (frequency: 598.498MHz)
  Total number of paths / destination ports: 8 / 8
-------------------------------------------------------------------------
Delay:               1.671ns (Levels of Logic = 0)
  Source:            Mram_memory1 (RAM)
  Destination:       buffer_0 (FF)
  Source Clock:      clk falling
  Destination Clock: clk falling

  Data Path: Mram_memory1 to buffer_0
                                Gate     Net
    Cell:in->out      fanout   Delay   Delay  Logical Name (Net Name)
    ----------------------------------------  ------------
     RAM16X1S:WCLK->O      1   0.990   0.579  Mram_memory1 (_n0024<0>)
     FDE_1:D                   0.102          buffer_0
    ----------------------------------------
    Total                      1.671ns (1.092ns logic, 0.579ns route)
                                       (65.4% logic, 34.6% route)

=========================================================================
Timing constraint: Default OFFSET IN BEFORE for Clock 'clk'
  Total number of paths / destination ports: 88 / 56
-------------------------------------------------------------------------
Offset:              3.270ns (Levels of Logic = 2)
  Source:            cs (PAD)
  Destination:       buffer_0 (FF)
  Destination Clock: clk falling

  Data Path: cs to buffer_0
                                Gate     Net
    Cell:in->out      fanout   Delay   Delay  Logical Name (Net Name)
    ----------------------------------------  ------------
     IBUF:I->O             2   1.222   0.721  cs_IBUF (cs_IBUF)
     LUT2:I0->O            8   0.203   0.802  _n0028_inv1 (_n0028_inv)
     FDE_1:CE                  0.322          buffer_0
    ----------------------------------------
    Total                      3.270ns (1.747ns logic, 1.523ns route)
                                       (53.4% logic, 46.6% route)

=========================================================================
Timing constraint: Default OFFSET OUT AFTER for Clock 'clk'
  Total number of paths / destination ports: 8 / 8
-------------------------------------------------------------------------
Offset:              3.597ns (Levels of Logic = 1)
  Source:            buffer_7 (FF)
  Destination:       data_out<7> (PAD)
  Source Clock:      clk falling

  Data Path: buffer_7 to data_out<7>
                                Gate     Net
    Cell:in->out      fanout   Delay   Delay  Logical Name (Net Name)
    ----------------------------------------  ------------
     FDE_1:C->Q            1   0.447   0.579  buffer_7 (buffer_7)
     OBUFT:I->O                2.571          data_out_7_OBUFT (data_out<7>)
    ----------------------------------------
    Total                      3.597ns (3.018ns logic, 0.579ns route)
                                       (83.9% logic, 16.1% route)

=========================================================================
Timing constraint: Default path analysis
  Total number of paths / destination ports: 16 / 8
-------------------------------------------------------------------------
Delay:               5.553ns (Levels of Logic = 3)
  Source:            we (PAD)
  Destination:       data_out<7> (PAD)

  Data Path: we to data_out<7>
                                Gate     Net
    Cell:in->out      fanout   Delay   Delay  Logical Name (Net Name)
    ----------------------------------------  ------------
     IBUF:I->O             3   1.222   0.755  we_IBUF (we_IBUF)
     LUT2:I0->O            8   0.203   0.802  oe_we_AND_1_o_inv1 (oe_we_AND_1_o_inv)
     OBUFT:T->O                2.571          data_out_7_OBUFT (data_out<7>)
    ----------------------------------------
    Total                      5.553ns (3.996ns logic, 1.557ns route)
                                       (72.0% logic, 28.0% route)

=========================================================================

Cross Clock Domains Report:
--------------------------

Clock to Setup on destination clock clk
---------------+---------+---------+---------+---------+
               | Src:Rise| Src:Fall| Src:Rise| Src:Fall|
Source Clock   |Dest:Rise|Dest:Rise|Dest:Fall|Dest:Fall|
---------------+---------+---------+---------+---------+
clk            |         |         |    1.671|         |
---------------+---------+---------+---------+---------+

=========================================================================


Total REAL time to Xst completion: 8.00 secs
Total CPU time to Xst completion: 8.26 secs
 
--> 

Total memory usage is 257124 kilobytes

Number of errors   :    0 (   0 filtered)
Number of warnings :    2 (   0 filtered)
Number of infos    :    1 (   0 filtered)

